

Microchip Technology PIC18 LITE Macro Assembler V1.42 build -159332390 
                                                                                               Thu Jul 13 12:59:30 2017

Microchip Technology Omniscient Code Generator v1.42 (Free mode) build 201704130522
     1                           	processor	18F4550
     2                           	fnconf	rparam,??,?,0
     3                           	opt	pw 120
     4                           	opt	lm
     5                           	psect	cinit,global,reloc=2,class=CODE,delta=1
     6                           	psect	bssCOMRAM,global,class=COMRAM,space=1,delta=1,noexec
     7                           	psect	cstackCOMRAM,global,class=COMRAM,space=1,delta=1,noexec
     8                           	psect	text0,global,reloc=2,class=CODE,delta=1
     9                           	psect	text1,global,reloc=2,class=CODE,delta=1,group=1
    10                           	psect	intsave_regs,global,class=BIGRAM,space=1,delta=1,noexec
    11                           	psect	rparam,global,class=COMRAM,space=1,delta=1,noexec
    12  0000                     
    13                           ; Version 1.42
    14                           ; Generated 13/04/2017 GMT
    15                           ; 
    16                           ; Copyright © 2017, Microchip Technology Inc. and its subsidiaries ("Microchip")
    17                           ; All rights reserved.
    18                           ; 
    19                           ; This software is developed by Microchip Technology Inc. and its subsidiaries ("Microch
      +                          ip").
    20                           ; 
    21                           ; Redistribution and use in source and binary forms, with or without modification, are
    22                           ; permitted provided that the following conditions are met:
    23                           ; 
    24                           ;     1. Redistributions of source code must retain the above copyright notice, this lis
      +                          t of
    25                           ;        conditions and the following disclaimer.
    26                           ; 
    27                           ;     2. Redistributions in binary form must reproduce the above copyright notice, this 
      +                          list
    28                           ;        of conditions and the following disclaimer in the documentation and/or other
    29                           ;        materials provided with the distribution.
    30                           ; 
    31                           ;     3. Microchip's name may not be used to endorse or promote products derived from th
      +                          is
    32                           ;        software without specific prior written permission.
    33                           ; 
    34                           ; THIS SOFTWARE IS PROVIDED BY MICROCHIP "AS IS" AND ANY EXPRESS OR IMPLIED WARRANTIES,
    35                           ; INCLUDING, BUT NOT LIMITED TO, THE IMPLIED WARRANTIES OF MERCHANTABILITY AND FITNESS F
      +                          OR
    36                           ; PURPOSE ARE DISCLAIMED.  IN NO EVENT SHALL MICROCHIP BE LIABLE FOR ANY DIRECT, INDIREC
      +                          T,
    37                           ; INCIDENTAL, SPECIAL, EXEMPLARY, OR CONSEQUENTIAL DAMAGES (INCLUDING BUT NOT LIMITED TO
    38                           ; PROCUREMENT OF SUBSTITUTE GOODS OR SERVICES; LOSS OF USE, DATA OR PROFITS; OR BUSINESS
    39                           ; INTERRUPTION) HOWSOEVER CAUSED AND ON ANY THEORY OF LIABILITY, WHETHER IN CONTRACT, ST
      +                          RICT
    40                           ; LIABILITY, OR TORT (INCLUDING NEGLIGENCE OR OTHERWISE) ARISING IN ANY WAY OUT OF THE U
      +                          SE OF
    41                           ; THIS SOFTWARE, EVEN IF ADVISED OF THE POSSIBILITY OF SUCH DAMAGE.
    42                           ; 
    43                           ; 
    44                           ; Code-generator required, PIC18F4550 Definitions
    45                           ; 
    46                           ; SFR Addresses
    47  0000                     _PORTD	set	3971
    48  0000                     _PORTB	set	3969
    49  0000                     _PORTCbits	set	3970
    50  0000                     _TRISC	set	3988
    51  0000                     _TRISD	set	3989
    52  0000                     _TRISB	set	3987
    53  0000                     _TMR3CS	set	32137
    54  0000                     _TMR1CS	set	32361
    55                           
    56                           ; #config settings
    57  0000                     
    58                           	psect	cinit
    59  007DA4                     __pcinit:
    60                           	opt stack 0
    61  007DA4                     start_initialization:
    62                           	opt stack 0
    63  007DA4                     __initialization:
    64                           	opt stack 0
    65                           
    66                           ; Clear objects allocated to COMRAM (17 bytes)
    67  007DA4  EE00  F001         	lfsr	0,__pbssCOMRAM
    68  007DA8  0E11               	movlw	17
    69  007DAA                     clear_0:
    70  007DAA  6AEE               	clrf	postinc0,c
    71  007DAC  06E8               	decf	wreg,f,c
    72  007DAE  E1FD               	bnz	clear_0
    73  007DB0                     end_of_initialization:
    74                           	opt stack 0
    75  007DB0                     __end_of__initialization:
    76                           	opt stack 0
    77  007DB0  0100               	movlb	0
    78  007DB2  EF1D  F03F         	goto	_main	;jump to C main() function
    79                           postinc0	equ	0xFEE
    80                           wreg	equ	0xFE8
    81                           
    82                           	psect	bssCOMRAM
    83  000001                     __pbssCOMRAM:
    84                           	opt stack 0
    85  000001                     _sign:
    86                           	opt stack 0
    87  000001                     	ds	2
    88  000003                     _D:
    89                           	opt stack 0
    90  000003                     	ds	2
    91  000005                     _C:
    92                           	opt stack 0
    93  000005                     	ds	2
    94  000007                     _B:
    95                           	opt stack 0
    96  000007                     	ds	2
    97  000009                     _A:
    98                           	opt stack 0
    99  000009                     	ds	2
   100  00000B                     _Input:
   101                           	opt stack 0
   102  00000B                     	ds	2
   103  00000D                     _Setpoint:
   104                           	opt stack 0
   105  00000D                     	ds	2
   106  00000F                     _Output:
   107                           	opt stack 0
   108  00000F                     	ds	2
   109  000011                     _output:
   110                           	opt stack 0
   111  000011                     	ds	1
   112                           postinc0	equ	0xFEE
   113                           wreg	equ	0xFE8
   114                           
   115                           	psect	cstackCOMRAM
   116  000012                     __pcstackCOMRAM:
   117                           	opt stack 0
   118  000012                     ?___awdiv:
   119                           	opt stack 0
   120  000012                     ___awdiv@dividend:
   121                           	opt stack 0
   122                           
   123                           ; 2 bytes @ 0x0
   124  000012                     	ds	2
   125  000014                     ___awdiv@divisor:
   126                           	opt stack 0
   127                           
   128                           ; 2 bytes @ 0x2
   129  000014                     	ds	2
   130  000016                     ___awdiv@counter:
   131                           	opt stack 0
   132                           
   133                           ; 1 bytes @ 0x4
   134  000016                     	ds	1
   135  000017                     ___awdiv@sign:
   136                           	opt stack 0
   137                           
   138                           ; 1 bytes @ 0x5
   139  000017                     	ds	1
   140  000018                     ___awdiv@quotient:
   141                           	opt stack 0
   142                           
   143                           ; 2 bytes @ 0x6
   144  000018                     	ds	2
   145  00001A                     ??_main:
   146                           
   147                           ; 1 bytes @ 0x8
   148  00001A                     	ds	2
   149  00001C                     main@err:
   150                           	opt stack 0
   151                           
   152                           ; 2 bytes @ 0xA
   153  00001C                     	ds	2
   154  00001E                     main@count:
   155                           	opt stack 0
   156                           
   157                           ; 2 bytes @ 0xC
   158  00001E                     	ds	2
   159                           postinc0	equ	0xFEE
   160                           wreg	equ	0xFE8
   161                           
   162 ;;
   163 ;;Main: autosize = 0, tempsize = 2, incstack = 0, save=0
   164 ;;
   165 ;; *************** function _main *****************
   166 ;; Defined at:
   167 ;;		line 52 in file "newmain.c"
   168 ;; Parameters:    Size  Location     Type
   169 ;;		None
   170 ;; Auto vars:     Size  Location     Type
   171 ;;  count           2   12[COMRAM] int 
   172 ;;  err             2   10[COMRAM] int 
   173 ;; Return value:  Size  Location     Type
   174 ;;                  1    wreg      void 
   175 ;; Registers used:
   176 ;;		wreg, status,2, status,0, cstack
   177 ;; Tracked objects:
   178 ;;		On entry : 0/0
   179 ;;		On exit  : 0/0
   180 ;;		Unchanged: 0/0
   181 ;; Data sizes:     COMRAM   BANK0   BANK1   BANK2   BANK3   BANK4   BANK5   BANK6   BANK7
   182 ;;      Params:         0       0       0       0       0       0       0       0       0
   183 ;;      Locals:         4       0       0       0       0       0       0       0       0
   184 ;;      Temps:          2       0       0       0       0       0       0       0       0
   185 ;;      Totals:         6       0       0       0       0       0       0       0       0
   186 ;;Total ram usage:        6 bytes
   187 ;; Hardware stack levels required when called:    1
   188 ;; This function calls:
   189 ;;		___awdiv
   190 ;; This function is called by:
   191 ;;		Startup code after reset
   192 ;; This function uses a non-reentrant model
   193 ;;
   194                           
   195                           	psect	text0
   196  007E3A                     __ptext0:
   197                           	opt stack 0
   198  007E3A                     _main:
   199                           	opt stack 30
   200                           
   201                           ;newmain.c: 53: TRISB = 0xFF;
   202                           
   203                           ;incstack = 0
   204  007E3A  6893               	setf	3987,c	;volatile
   205                           
   206                           ;newmain.c: 54: TRISD = 0x00;
   207  007E3C  0E00               	movlw	0
   208  007E3E  6E95               	movwf	3989,c	;volatile
   209                           
   210                           ;newmain.c: 55: TRISC = 0b01000000;
   211  007E40  0E40               	movlw	64
   212  007E42  6E94               	movwf	3988,c	;volatile
   213                           
   214                           ;newmain.c: 56: TMR1CS = 0;
   215  007E44  92CD               	bcf	4045,1,c	;volatile
   216                           
   217                           ;newmain.c: 57: TMR3CS = 0;
   218  007E46  92B1               	bcf	4017,1,c	;volatile
   219                           
   220                           ;newmain.c: 58: PORTCbits.RC0 = 0;
   221  007E48  9082               	bcf	3970,0,c	;volatile
   222                           
   223                           ;newmain.c: 59: PORTCbits.RC1 = 0;
   224  007E4A  9282               	bcf	3970,1,c	;volatile
   225                           
   226                           ;newmain.c: 60: PORTCbits.RC2 = 1;
   227  007E4C  8482               	bsf	3970,2,c	;volatile
   228                           
   229                           ;newmain.c: 61: PORTCbits.RC7 = 0;
   230  007E4E  9E82               	bcf	3970,7,c	;volatile
   231                           
   232                           ;newmain.c: 62: int count = 0;
   233  007E50  0E00               	movlw	0
   234  007E52  6E1F               	movwf	main@count+1,c
   235  007E54  0E00               	movlw	0
   236  007E56  6E1E               	movwf	main@count,c
   237                           
   238                           ;newmain.c: 63: int err;
   239                           ;newmain.c: 64: while (count<1000){
   240  007E58  D054               	goto	l41
   241  007E5A                     l1039:
   242                           
   243                           ;newmain.c: 65: count = count+1;
   244  007E5A  0E01               	movlw	1
   245  007E5C  241E               	addwf	main@count,w,c
   246  007E5E  6E1E               	movwf	main@count,c
   247  007E60  0E00               	movlw	0
   248  007E62  201F               	addwfc	main@count+1,w,c
   249  007E64  6E1F               	movwf	main@count+1,c
   250                           
   251                           ;newmain.c: 66: PORTCbits.RC0 = 0;
   252  007E66  9082               	bcf	3970,0,c	;volatile
   253                           
   254                           ;newmain.c: 67: PORTCbits.RC1 = 0;
   255  007E68  9282               	bcf	3970,1,c	;volatile
   256                           
   257                           ;newmain.c: 69: PORTCbits.RC2 = 1;
   258  007E6A  8482               	bsf	3970,2,c	;volatile
   259                           
   260                           ;newmain.c: 70: _delay((unsigned long)((5)*(32000000/4000000.0)));
   261  007E6C  0E0D               	movlw	13
   262  007E6E                     u527:
   263  007E6E  2EE8               	decfsz	wreg,f,c
   264  007E70  D7FE               	bra	u527
   265  007E72  F000               	nop	
   266                           
   267                           ;newmain.c: 71: PORTCbits.RC2 = 0;
   268  007E74  9482               	bcf	3970,2,c	;volatile
   269  007E76                     l43:
   270  007E76  BC82               	btfsc	3970,6,c	;volatile
   271  007E78  D7FE               	goto	l43
   272                           
   273                           ;newmain.c: 74: A = PORTB;
   274  007E7A  CF81 F009          	movff	3969,_A	;volatile
   275  007E7E  6A0A               	clrf	_A+1,c
   276                           
   277                           ;newmain.c: 78: PORTCbits.RC0 = 1;
   278  007E80  8082               	bsf	3970,0,c	;volatile
   279                           
   280                           ;newmain.c: 79: PORTCbits.RC1 = 0;
   281  007E82  9282               	bcf	3970,1,c	;volatile
   282                           
   283                           ;newmain.c: 81: PORTCbits.RC2 = 1;
   284  007E84  8482               	bsf	3970,2,c	;volatile
   285                           
   286                           ;newmain.c: 82: _delay((unsigned long)((5)*(32000000/4000000.0)));
   287  007E86  0E0D               	movlw	13
   288  007E88                     u537:
   289  007E88  2EE8               	decfsz	wreg,f,c
   290  007E8A  D7FE               	bra	u537
   291  007E8C  F000               	nop	
   292                           
   293                           ;newmain.c: 83: PORTCbits.RC2 = 0;
   294  007E8E  9482               	bcf	3970,2,c	;volatile
   295  007E90                     l46:
   296  007E90  BC82               	btfsc	3970,6,c	;volatile
   297  007E92  D7FE               	goto	l46
   298                           
   299                           ;newmain.c: 86: B = PORTB;
   300  007E94  CF81 F007          	movff	3969,_B	;volatile
   301  007E98  6A08               	clrf	_B+1,c
   302                           
   303                           ;newmain.c: 90: PORTCbits.RC0 = 0;
   304  007E9A  9082               	bcf	3970,0,c	;volatile
   305                           
   306                           ;newmain.c: 91: PORTCbits.RC1 = 1;
   307  007E9C  8282               	bsf	3970,1,c	;volatile
   308                           
   309                           ;newmain.c: 93: PORTCbits.RC2 = 1;
   310  007E9E  8482               	bsf	3970,2,c	;volatile
   311                           
   312                           ;newmain.c: 94: _delay((unsigned long)((5)*(32000000/4000000.0)));
   313  007EA0  0E0D               	movlw	13
   314  007EA2                     u547:
   315  007EA2  2EE8               	decfsz	wreg,f,c
   316  007EA4  D7FE               	bra	u547
   317  007EA6  F000               	nop	
   318                           
   319                           ;newmain.c: 95: PORTCbits.RC2 = 0;
   320  007EA8  9482               	bcf	3970,2,c	;volatile
   321  007EAA                     l49:
   322  007EAA  BC82               	btfsc	3970,6,c	;volatile
   323  007EAC  D7FE               	goto	l49
   324                           
   325                           ;newmain.c: 98: C = PORTB;
   326  007EAE  CF81 F005          	movff	3969,_C	;volatile
   327  007EB2  6A06               	clrf	_C+1,c
   328                           
   329                           ;newmain.c: 102: PORTCbits.RC0 = 1;
   330  007EB4  8082               	bsf	3970,0,c	;volatile
   331                           
   332                           ;newmain.c: 103: PORTCbits.RC1 = 1;
   333  007EB6  8282               	bsf	3970,1,c	;volatile
   334                           
   335                           ;newmain.c: 105: PORTCbits.RC2 = 1;
   336  007EB8  8482               	bsf	3970,2,c	;volatile
   337                           
   338                           ;newmain.c: 106: _delay((unsigned long)((5)*(32000000/4000000.0)));
   339  007EBA  0E0D               	movlw	13
   340  007EBC                     u557:
   341  007EBC  2EE8               	decfsz	wreg,f,c
   342  007EBE  D7FE               	bra	u557
   343  007EC0  F000               	nop	
   344                           
   345                           ;newmain.c: 107: PORTCbits.RC2 = 0;
   346  007EC2  9482               	bcf	3970,2,c	;volatile
   347  007EC4                     l52:
   348  007EC4  BC82               	btfsc	3970,6,c	;volatile
   349  007EC6  D7FE               	goto	l52
   350                           
   351                           ;newmain.c: 110: D = PORTB;
   352  007EC8  CF81 F003          	movff	3969,_D	;volatile
   353  007ECC  6A04               	clrf	_D+1,c
   354                           
   355                           ;newmain.c: 113: err = (A+B)-(C+D);
   356  007ECE  5003               	movf	_D,w,c
   357  007ED0  2405               	addwf	_C,w,c
   358  007ED2  6E1A               	movwf	??_main& (0+255),c
   359  007ED4  5004               	movf	_D+1,w,c
   360  007ED6  2006               	addwfc	_C+1,w,c
   361  007ED8  6E1B               	movwf	(??_main+1)& (0+255),c
   362  007EDA  1E1A               	comf	??_main,f,c
   363  007EDC  1E1B               	comf	??_main+1,f,c
   364  007EDE  4A1A               	infsnz	??_main,f,c
   365  007EE0  2A1B               	incf	??_main+1,f,c
   366  007EE2  5009               	movf	_A,w,c
   367  007EE4  261A               	addwf	??_main,f,c
   368  007EE6  500A               	movf	_A+1,w,c
   369  007EE8  221B               	addwfc	??_main+1,f,c
   370  007EEA  5007               	movf	_B,w,c
   371  007EEC  241A               	addwf	??_main,w,c
   372  007EEE  6E1C               	movwf	main@err,c
   373  007EF0  5008               	movf	_B+1,w,c
   374  007EF2  201B               	addwfc	??_main+1,w,c
   375  007EF4  6E1D               	movwf	main@err+1,c
   376                           
   377                           ;newmain.c: 114: Setpoint = Setpoint+err;
   378  007EF6  501C               	movf	main@err,w,c
   379  007EF8  240D               	addwf	_Setpoint,w,c
   380  007EFA  6E0D               	movwf	_Setpoint,c
   381  007EFC  501D               	movf	main@err+1,w,c
   382  007EFE  200E               	addwfc	_Setpoint+1,w,c
   383  007F00  6E0E               	movwf	_Setpoint+1,c
   384  007F02                     l41:
   385  007F02  BE1F               	btfsc	main@count+1,7,c
   386  007F04  D7AA               	goto	l1039
   387  007F06  0EE8               	movlw	232
   388  007F08  5C1E               	subwf	main@count,w,c
   389  007F0A  0E03               	movlw	3
   390  007F0C  581F               	subwfb	main@count+1,w,c
   391  007F0E  A0D8               	btfss	status,0,c
   392  007F10  D7A4               	goto	l1039
   393                           
   394                           ;newmain.c: 115: }
   395                           ;newmain.c: 116: Setpoint = Setpoint/1000;
   396  007F12  C00D  F012         	movff	_Setpoint,___awdiv@dividend
   397  007F16  C00E  F013         	movff	_Setpoint+1,___awdiv@dividend+1
   398  007F1A  0E03               	movlw	3
   399  007F1C  6E15               	movwf	___awdiv@divisor+1,c
   400  007F1E  0EE8               	movlw	232
   401  007F20  6E14               	movwf	___awdiv@divisor,c
   402  007F22  ECDB  F03E         	call	___awdiv	;wreg free
   403  007F26  C012  F00D         	movff	?___awdiv,_Setpoint
   404  007F2A  C013  F00E         	movff	?___awdiv+1,_Setpoint+1
   405  007F2E                     l1067:
   406                           
   407                           ;newmain.c: 122: PORTCbits.RC0 = 0;
   408  007F2E  9082               	bcf	3970,0,c	;volatile
   409                           
   410                           ;newmain.c: 123: PORTCbits.RC1 = 0;
   411  007F30  9282               	bcf	3970,1,c	;volatile
   412                           
   413                           ;newmain.c: 125: PORTCbits.RC2 = 1;
   414  007F32  8482               	bsf	3970,2,c	;volatile
   415                           
   416                           ;newmain.c: 126: _delay((unsigned long)((5)*(32000000/4000000.0)));
   417  007F34  0E0D               	movlw	13
   418  007F36                     u567:
   419  007F36  2EE8               	decfsz	wreg,f,c
   420  007F38  D7FE               	bra	u567
   421  007F3A  F000               	nop	
   422                           
   423                           ;newmain.c: 127: PORTCbits.RC2 = 0;
   424  007F3C  9482               	bcf	3970,2,c	;volatile
   425  007F3E                     l57:
   426  007F3E  BC82               	btfsc	3970,6,c	;volatile
   427  007F40  D7FE               	goto	l57
   428                           
   429                           ;newmain.c: 130: A = PORTB;
   430  007F42  CF81 F009          	movff	3969,_A	;volatile
   431  007F46  6A0A               	clrf	_A+1,c
   432                           
   433                           ;newmain.c: 134: PORTCbits.RC0 = 1;
   434  007F48  8082               	bsf	3970,0,c	;volatile
   435                           
   436                           ;newmain.c: 135: PORTCbits.RC1 = 0;
   437  007F4A  9282               	bcf	3970,1,c	;volatile
   438                           
   439                           ;newmain.c: 137: PORTCbits.RC2 = 1;
   440  007F4C  8482               	bsf	3970,2,c	;volatile
   441                           
   442                           ;newmain.c: 138: _delay((unsigned long)((5)*(32000000/4000000.0)));
   443  007F4E  0E0D               	movlw	13
   444  007F50                     u577:
   445  007F50  2EE8               	decfsz	wreg,f,c
   446  007F52  D7FE               	bra	u577
   447  007F54  F000               	nop	
   448                           
   449                           ;newmain.c: 139: PORTCbits.RC2 = 0;
   450  007F56  9482               	bcf	3970,2,c	;volatile
   451  007F58                     l60:
   452  007F58  BC82               	btfsc	3970,6,c	;volatile
   453  007F5A  D7FE               	goto	l60
   454                           
   455                           ;newmain.c: 142: B = PORTB;
   456  007F5C  CF81 F007          	movff	3969,_B	;volatile
   457  007F60  6A08               	clrf	_B+1,c
   458                           
   459                           ;newmain.c: 146: PORTCbits.RC0 = 0;
   460  007F62  9082               	bcf	3970,0,c	;volatile
   461                           
   462                           ;newmain.c: 147: PORTCbits.RC1 = 1;
   463  007F64  8282               	bsf	3970,1,c	;volatile
   464                           
   465                           ;newmain.c: 149: PORTCbits.RC2 = 1;
   466  007F66  8482               	bsf	3970,2,c	;volatile
   467                           
   468                           ;newmain.c: 150: _delay((unsigned long)((5)*(32000000/4000000.0)));
   469  007F68  0E0D               	movlw	13
   470  007F6A                     u587:
   471  007F6A  2EE8               	decfsz	wreg,f,c
   472  007F6C  D7FE               	bra	u587
   473  007F6E  F000               	nop	
   474                           
   475                           ;newmain.c: 151: PORTCbits.RC2 = 0;
   476  007F70  9482               	bcf	3970,2,c	;volatile
   477  007F72                     l63:
   478  007F72  BC82               	btfsc	3970,6,c	;volatile
   479  007F74  D7FE               	goto	l63
   480                           
   481                           ;newmain.c: 154: C = PORTB;
   482  007F76  CF81 F005          	movff	3969,_C	;volatile
   483  007F7A  6A06               	clrf	_C+1,c
   484                           
   485                           ;newmain.c: 158: PORTCbits.RC0 = 1;
   486  007F7C  8082               	bsf	3970,0,c	;volatile
   487                           
   488                           ;newmain.c: 159: PORTCbits.RC1 = 1;
   489  007F7E  8282               	bsf	3970,1,c	;volatile
   490                           
   491                           ;newmain.c: 161: PORTCbits.RC2 = 1;
   492  007F80  8482               	bsf	3970,2,c	;volatile
   493                           
   494                           ;newmain.c: 162: _delay((unsigned long)((5)*(32000000/4000000.0)));
   495  007F82  0E0D               	movlw	13
   496  007F84                     u597:
   497  007F84  2EE8               	decfsz	wreg,f,c
   498  007F86  D7FE               	bra	u597
   499  007F88  F000               	nop	
   500                           
   501                           ;newmain.c: 163: PORTCbits.RC2 = 0;
   502  007F8A  9482               	bcf	3970,2,c	;volatile
   503  007F8C                     l66:
   504  007F8C  BC82               	btfsc	3970,6,c	;volatile
   505  007F8E  D7FE               	goto	l66
   506                           
   507                           ;newmain.c: 166: D = PORTB;
   508  007F90  CF81 F003          	movff	3969,_D	;volatile
   509  007F94  6A04               	clrf	_D+1,c
   510                           
   511                           ;newmain.c: 172: Input = (A+B)-(C+D);
   512  007F96  5003               	movf	_D,w,c
   513  007F98  2405               	addwf	_C,w,c
   514  007F9A  6E1A               	movwf	??_main& (0+255),c
   515  007F9C  5004               	movf	_D+1,w,c
   516  007F9E  2006               	addwfc	_C+1,w,c
   517  007FA0  6E1B               	movwf	(??_main+1)& (0+255),c
   518  007FA2  1E1A               	comf	??_main,f,c
   519  007FA4  1E1B               	comf	??_main+1,f,c
   520  007FA6  4A1A               	infsnz	??_main,f,c
   521  007FA8  2A1B               	incf	??_main+1,f,c
   522  007FAA  5009               	movf	_A,w,c
   523  007FAC  261A               	addwf	??_main,f,c
   524  007FAE  500A               	movf	_A+1,w,c
   525  007FB0  221B               	addwfc	??_main+1,f,c
   526  007FB2  5007               	movf	_B,w,c
   527  007FB4  241A               	addwf	??_main,w,c
   528  007FB6  6E0B               	movwf	_Input,c
   529  007FB8  5008               	movf	_B+1,w,c
   530  007FBA  201B               	addwfc	??_main+1,w,c
   531  007FBC  6E0C               	movwf	_Input+1,c
   532                           
   533                           ;newmain.c: 173: Output = Input-Setpoint;
   534  007FBE  C00D  F01A         	movff	_Setpoint,??_main
   535  007FC2  C00E  F01B         	movff	_Setpoint+1,??_main+1
   536  007FC6  1E1A               	comf	??_main,f,c
   537  007FC8  1E1B               	comf	??_main+1,f,c
   538  007FCA  4A1A               	infsnz	??_main,f,c
   539  007FCC  2A1B               	incf	??_main+1,f,c
   540  007FCE  500B               	movf	_Input,w,c
   541  007FD0  241A               	addwf	??_main,w,c
   542  007FD2  6E0F               	movwf	_Output,c
   543  007FD4  500C               	movf	_Input+1,w,c
   544  007FD6  201B               	addwfc	??_main+1,w,c
   545  007FD8  6E10               	movwf	_Output+1,c
   546                           
   547                           ;newmain.c: 183: if(Output>0){
   548  007FDA  BE10               	btfsc	_Output+1,7,c
   549  007FDC  D007               	goto	l1093
   550  007FDE  5010               	movf	_Output+1,w,c
   551  007FE0  E103               	bnz	u510
   552  007FE2  040F               	decf	_Output,w,c
   553  007FE4  A0D8               	btfss	status,0,c
   554  007FE6  D002               	goto	l1093
   555  007FE8                     u510:
   556                           
   557                           ;newmain.c: 185: PORTCbits.RC7 = 0;
   558  007FE8  9E82               	bcf	3970,7,c	;volatile
   559                           
   560                           ;newmain.c: 186: }
   561  007FEA  D005               	goto	l1097
   562  007FEC                     l1093:
   563                           
   564                           ;newmain.c: 187: else{
   565                           ;newmain.c: 188: Output = -Output;
   566  007FEC  6C0F               	negf	_Output,c
   567  007FEE  1E10               	comf	_Output+1,f,c
   568  007FF0  B0D8               	btfsc	status,0,c
   569  007FF2  2A10               	incf	_Output+1,f,c
   570                           
   571                           ;newmain.c: 189: PORTCbits.RC7 = 1;
   572  007FF4  8E82               	bsf	3970,7,c	;volatile
   573  007FF6                     l1097:
   574                           
   575                           ;newmain.c: 190: }
   576                           ;newmain.c: 191: output = Output;
   577  007FF6  C00F  F011         	movff	_Output,_output
   578                           
   579                           ;newmain.c: 192: PORTD = output;
   580  007FFA  C011  FF83         	movff	_output,3971	;volatile
   581  007FFE  D797               	goto	l1067
   582  008000                     __end_of_main:
   583                           	opt stack 0
   584                           postinc0	equ	0xFEE
   585                           wreg	equ	0xFE8
   586                           status	equ	0xFD8
   587                           
   588 ;; *************** function ___awdiv *****************
   589 ;; Defined at:
   590 ;;		line 8 in file "C:\Program Files (x86)\Microchip\xc8\v1.42\sources\common\awdiv.c"
   591 ;; Parameters:    Size  Location     Type
   592 ;;  dividend        2    0[COMRAM] int 
   593 ;;  divisor         2    2[COMRAM] int 
   594 ;; Auto vars:     Size  Location     Type
   595 ;;  quotient        2    6[COMRAM] int 
   596 ;;  sign            1    5[COMRAM] unsigned char 
   597 ;;  counter         1    4[COMRAM] unsigned char 
   598 ;; Return value:  Size  Location     Type
   599 ;;                  2    0[COMRAM] int 
   600 ;; Registers used:
   601 ;;		wreg, status,2, status,0
   602 ;; Tracked objects:
   603 ;;		On entry : 0/0
   604 ;;		On exit  : 0/0
   605 ;;		Unchanged: 0/0
   606 ;; Data sizes:     COMRAM   BANK0   BANK1   BANK2   BANK3   BANK4   BANK5   BANK6   BANK7
   607 ;;      Params:         4       0       0       0       0       0       0       0       0
   608 ;;      Locals:         4       0       0       0       0       0       0       0       0
   609 ;;      Temps:          0       0       0       0       0       0       0       0       0
   610 ;;      Totals:         8       0       0       0       0       0       0       0       0
   611 ;;Total ram usage:        8 bytes
   612 ;; Hardware stack levels used:    1
   613 ;; This function calls:
   614 ;;		Nothing
   615 ;; This function is called by:
   616 ;;		_main
   617 ;; This function uses a non-reentrant model
   618 ;;
   619                           
   620                           	psect	text1
   621  007DB6                     __ptext1:
   622                           	opt stack 0
   623  007DB6                     ___awdiv:
   624                           	opt stack 30
   625                           
   626                           ;incstack = 0
   627  007DB6  0E00               	movlw	0
   628  007DB8  6E17               	movwf	___awdiv@sign,c
   629  007DBA  AE15               	btfss	___awdiv@divisor+1,7,c
   630  007DBC  D006               	goto	l987
   631  007DBE  6C14               	negf	___awdiv@divisor,c
   632  007DC0  1E15               	comf	___awdiv@divisor+1,f,c
   633  007DC2  B0D8               	btfsc	status,0,c
   634  007DC4  2A15               	incf	___awdiv@divisor+1,f,c
   635  007DC6  0E01               	movlw	1
   636  007DC8  6E17               	movwf	___awdiv@sign,c
   637  007DCA                     l987:
   638  007DCA  AE13               	btfss	___awdiv@dividend+1,7,c
   639  007DCC  D006               	goto	l993
   640  007DCE  6C12               	negf	___awdiv@dividend,c
   641  007DD0  1E13               	comf	___awdiv@dividend+1,f,c
   642  007DD2  B0D8               	btfsc	status,0,c
   643  007DD4  2A13               	incf	___awdiv@dividend+1,f,c
   644  007DD6  0E01               	movlw	1
   645  007DD8  1A17               	xorwf	___awdiv@sign,f,c
   646  007DDA                     l993:
   647  007DDA  0E00               	movlw	0
   648  007DDC  6E19               	movwf	___awdiv@quotient+1,c
   649  007DDE  0E00               	movlw	0
   650  007DE0  6E18               	movwf	___awdiv@quotient,c
   651  007DE2  5014               	movf	___awdiv@divisor,w,c
   652  007DE4  1015               	iorwf	___awdiv@divisor+1,w,c
   653  007DE6  B4D8               	btfsc	status,2,c
   654  007DE8  D01C               	goto	l1015
   655  007DEA  0E01               	movlw	1
   656  007DEC  6E16               	movwf	___awdiv@counter,c
   657  007DEE  D004               	goto	l1001
   658  007DF0                     l999:
   659  007DF0  90D8               	bcf	status,0,c
   660  007DF2  3614               	rlcf	___awdiv@divisor,f,c
   661  007DF4  3615               	rlcf	___awdiv@divisor+1,f,c
   662  007DF6  2A16               	incf	___awdiv@counter,f,c
   663  007DF8                     l1001:
   664  007DF8  AE15               	btfss	___awdiv@divisor+1,7,c
   665  007DFA  D7FA               	goto	l999
   666  007DFC                     l1003:
   667  007DFC  90D8               	bcf	status,0,c
   668  007DFE  3618               	rlcf	___awdiv@quotient,f,c
   669  007E00  3619               	rlcf	___awdiv@quotient+1,f,c
   670  007E02  5014               	movf	___awdiv@divisor,w,c
   671  007E04  5C12               	subwf	___awdiv@dividend,w,c
   672  007E06  5015               	movf	___awdiv@divisor+1,w,c
   673  007E08  5813               	subwfb	___awdiv@dividend+1,w,c
   674  007E0A  A0D8               	btfss	status,0,c
   675  007E0C  D005               	goto	l1011
   676  007E0E  5014               	movf	___awdiv@divisor,w,c
   677  007E10  5E12               	subwf	___awdiv@dividend,f,c
   678  007E12  5015               	movf	___awdiv@divisor+1,w,c
   679  007E14  5A13               	subwfb	___awdiv@dividend+1,f,c
   680  007E16  8018               	bsf	___awdiv@quotient,0,c
   681  007E18                     l1011:
   682  007E18  90D8               	bcf	status,0,c
   683  007E1A  3215               	rrcf	___awdiv@divisor+1,f,c
   684  007E1C  3214               	rrcf	___awdiv@divisor,f,c
   685  007E1E  2E16               	decfsz	___awdiv@counter,f,c
   686  007E20  D7ED               	goto	l1003
   687  007E22                     l1015:
   688  007E22  5017               	movf	___awdiv@sign,w,c
   689  007E24  B4D8               	btfsc	status,2,c
   690  007E26  D004               	goto	l1019
   691  007E28  6C18               	negf	___awdiv@quotient,c
   692  007E2A  1E19               	comf	___awdiv@quotient+1,f,c
   693  007E2C  B0D8               	btfsc	status,0,c
   694  007E2E  2A19               	incf	___awdiv@quotient+1,f,c
   695  007E30                     l1019:
   696  007E30  C018  F012         	movff	___awdiv@quotient,?___awdiv
   697  007E34  C019  F013         	movff	___awdiv@quotient+1,?___awdiv+1
   698  007E38  0012               	return	
   699  007E3A                     __end_of___awdiv:
   700                           	opt stack 0
   701  0000                     postinc0	equ	0xFEE
   702                           wreg	equ	0xFE8
   703                           status	equ	0xFD8
   704                           postinc0	equ	0xFEE
   705                           wreg	equ	0xFE8
   706                           status	equ	0xFD8
   707                           
   708                           	psect	rparam
   709  0000                     postinc0	equ	0xFEE
   710                           wreg	equ	0xFE8
   711                           status	equ	0xFD8


Data Sizes:
    Strings     0
    Constant    0
    Data        0
    BSS         17
    Persistent  0
    Stack       0

Auto Spaces:
    Space          Size  Autos    Used
    COMRAM           95     14      31
    BANK0           160      0       0
    BANK1           256      0       0
    BANK2           256      0       0
    BANK3           256      0       0
    BANK4           256      0       0
    BANK5           256      0       0
    BANK6           256      0       0
    BANK7           256      0       0

Pointer List with Targets:

    None.

Critical Paths under _main in COMRAM

    _main->___awdiv

Critical Paths under _main in BANK0

    None.

Critical Paths under _main in BANK1

    None.

Critical Paths under _main in BANK2

    None.

Critical Paths under _main in BANK3

    None.

Critical Paths under _main in BANK4

    None.

Critical Paths under _main in BANK5

    None.

Critical Paths under _main in BANK6

    None.

Critical Paths under _main in BANK7

    None.

Call Graph Tables:

 ---------------------------------------------------------------------------------
 (Depth) Function   	        Calls       Base Space   Used Autos Params    Refs
 ---------------------------------------------------------------------------------
 (0) _main                                                 6     6      0     521
                                              8 COMRAM     6     6      0
                            ___awdiv
 ---------------------------------------------------------------------------------
 (1) ___awdiv                                              8     4      4     452
                                              0 COMRAM     8     4      4
 ---------------------------------------------------------------------------------
 Estimated maximum stack depth 1
 ---------------------------------------------------------------------------------

 Call Graph Graphs:

 _main (ROOT)
   ___awdiv

 Address spaces:
Name               Size   Autos  Total    Cost      Usage
BIGRAM             7FF      0       0      21        0.0%
EEDATA             100      0       0       0        0.0%
BITBANK7           100      0       0      18        0.0%
BANK7              100      0       0      19        0.0%
BITBANK6           100      0       0      16        0.0%
BANK6              100      0       0      17        0.0%
BITBANK5           100      0       0      14        0.0%
BANK5              100      0       0      15        0.0%
BITBANK4           100      0       0      12        0.0%
BANK4              100      0       0      13        0.0%
BITBANK3           100      0       0      10        0.0%
BANK3              100      0       0      11        0.0%
BITBANK2           100      0       0       8        0.0%
BANK2              100      0       0       9        0.0%
BITBANK1           100      0       0       6        0.0%
BANK1              100      0       0       7        0.0%
BITBANK0            A0      0       0       4        0.0%
BANK0               A0      0       0       5        0.0%
BITCOMRAM           5F      0       0       0        0.0%
COMRAM              5F      E      1F       1       32.6%
BITSFR               0      0       0     200        0.0%
SFR                  0      0       0     200        0.0%
STACK                0      0       0       2        0.0%
NULL                 0      0       0       0        0.0%
ABS                  0      0      1F      20        0.0%
DATA                 0      0      1F       3        0.0%
CODE                 0      0       0       0        0.0%


Microchip Technology PIC18 Macro Assembler V1.42 build -159332390 
Symbol Table                                                                                   Thu Jul 13 12:59:30 2017

                      _A 0009                        _B 0007                        _C 0005  
                      _D 0003                       l41 7F02                       l43 7E76  
                     l60 7F58                       l52 7EC4                       l46 7E90  
                     l63 7F72                       l57 7F3E                       l49 7EAA  
                     l66 7F8C             ___awdiv@sign 0017              __CFG_BORV$3 000000  
           __CFG_CP0$OFF 000000             __CFG_CP1$OFF 000000             __CFG_CP2$OFF 000000  
           __CFG_CP3$OFF 000000                      l993 7DDA                      l987 7DCA  
                    l999 7DF0             __CFG_CPB$OFF 000000                      u510 7FE8  
           __CFG_CPD$OFF 000000                      u527 7E6E                      u537 7E88  
                    u547 7EA2                      u557 7EBC                      u567 7F36  
                    u577 7F50                      u587 7F6A                      u597 7F84  
           __CFG_BOR$OFF 000000                      wreg 000FE8             __CFG_LVP$OFF 000000  
           __CFG_WDT$OFF 000000                     l1001 7DF8                     l1011 7E18  
                   l1003 7DFC                     l1015 7E22                     l1019 7E30  
                   l1039 7E5A                     l1067 7F2E                     l1093 7FEC  
                   l1097 7FF6             __CFG_PWRT$ON 000000                     _main 7E3A  
                   _sign 0001                     start 0000            __CFG_IESO$OFF 000000  
           ___param_bank 000000            __CFG_PLLDIV$5 000000                    ?_main 0012  
        __end_of___awdiv 7E3A          ___awdiv@divisor 0014          ___awdiv@counter 0016  
                  _PORTB 000F81                    _PORTD 000F83            __CFG_USBDIV$1 000000  
                  _TRISB 000F93                    _TRISC 000F94                    _TRISD 000F95  
          __CFG_WRT0$OFF 000000            __CFG_WRT1$OFF 000000            __CFG_WRT2$OFF 000000  
          __CFG_WRT3$OFF 000000           __CFG_EBTR0$OFF 000000           __CFG_FCMEN$OFF 000000  
                  _Input 000B           __CFG_EBTR1$OFF 000000           __CFG_EBTR2$OFF 000000  
         __CFG_EBTR3$OFF 000000            __CFG_WRTB$OFF 000000            __CFG_WRTC$OFF 000000  
          __CFG_WRTD$OFF 000000           __CFG_EBTRB$OFF 000000                    status 000FD8  
         __CFG_ICPRT$OFF 000000           __CFG_MCLRE$OFF 000000          __initialization 7DA4  
           __end_of_main 8000                   ??_main 001A            __activetblptr 000000  
        __CFG_CCP2MX$OFF 000000         ___awdiv@dividend 0012                   _TMR1CS 007E69  
                 _TMR3CS 007D89           __CFG_XINST$OFF 000000                   _Output 000F  
              ??___awdiv 0016                   clear_0 7DAA         ___awdiv@quotient 0018  
                 _output 0011               __accesstop 0060  __end_of__initialization 7DB0  
        __CFG_PBADEN$OFF 000000            ___rparam_used 000001           __pcstackCOMRAM 0012  
        __CFG_VREGEN$OFF 000000                  __Hparam 0000                  __Lparam 0000  
                ___awdiv 7DB6          __CFG_STVREN$OFF 000000                  __pcinit 7DA4  
                __ramtop 0800                  __ptext0 7E3A                  __ptext1 7DB6  
                main@err 001C     end_of_initialization 7DB0                  postinc0 000FEE  
              _PORTCbits 000F82      start_initialization 7DA4         __CFG_LPT1OSC$OFF 000000  
            __pbssCOMRAM 0001                 ?___awdiv 0012         __CFG_WDTPS$32768 000000  
              main@count 001E                 __Hrparam 0000                 __Lrparam 0000  
               _Setpoint 000D         __size_of___awdiv 0084            __size_of_main 01C6  
  __CFG_CPUDIV$OSC2_PLL3 000000       __CFG_FOSC$HSPLL_HS 000000  
